This file contains any messages produced by compilers while
running configure, to aid debugging if configure makes a mistake.

It was created by ublksrv configure 0.unknown, which was
generated by GNU Autoconf 2.71.  Invocation command line was

  $ ./configure --enable-gcc-warnings 'CFLAGS=-I/home/guy/liburing/src/include -g -lredis++ -L/home/guy/redis-plus-plus/build -Wl,-rpath=/home/guy/redis-plus-plus/build -lhiredis -L/usr/local/lib -Wl,-rpath=/usr/local/lib -O0  -Wall' 'CXXFLAGS=-I/home/guy/liburing/src/include -g -lredis++ -L/home/guy/redis-plus-plus/build -Wl,-rpath=/home/guy/redis-plus-plus/build -lhiredis -L/usr/local/lib -Wl,-rpath=/usr/local/lib -O0  -Wall' LDFLAGS=-L/home/guy/liburing/src

## --------- ##
## Platform. ##
## --------- ##

hostname = fedora
uname -m = x86_64
uname -r = 6.4.8-200.fc38.x86_64
uname -s = Linux
uname -v = #1 SMP PREEMPT_DYNAMIC Thu Aug  3 21:44:06 UTC 2023

/usr/bin/uname -p = unknown
/bin/uname -X     = unknown

/bin/arch              = x86_64
/usr/bin/arch -k       = unknown
/usr/convex/getsysinfo = unknown
/usr/bin/hostinfo      = unknown
/bin/machine           = unknown
/usr/bin/oslevel       = unknown
/bin/universe          = unknown

PATH: /usr/local/sbin/
PATH: /usr/local/bin/
PATH: /usr/sbin/
PATH: /usr/bin/
PATH: /sbin/
PATH: /bin/
PATH: /var/lib/snapd/snap/bin/


## ----------- ##
## Core tests. ##
## ----------- ##

configure:2806: looking for aux files: config.guess config.sub ltmain.sh missing install-sh compile
configure:2819:  trying ./
configure:2848:   ./config.guess found
configure:2848:   ./config.sub found
configure:2848:   ./ltmain.sh found
configure:2848:   ./missing found
configure:2830:   ./install-sh found
configure:2848:   ./compile found
configure:3029: checking for gcc
configure:3050: found /usr/bin/gcc
configure:3061: result: gcc
configure:3414: checking for C compiler version
configure:3423: gcc --version >&5
gcc (GCC) 13.2.1 20230728 (Red Hat 13.2.1-1)
Copyright (C) 2023 Free Software Foundation, Inc.
This is free software; see the source for copying conditions.  There is NO
warranty; not even for MERCHANTABILITY or FITNESS FOR A PARTICULAR PURPOSE.

configure:3434: $? = 0
configure:3423: gcc -v >&5
Using built-in specs.
COLLECT_GCC=gcc
COLLECT_LTO_WRAPPER=/usr/libexec/gcc/x86_64-redhat-linux/13/lto-wrapper
OFFLOAD_TARGET_NAMES=nvptx-none
OFFLOAD_TARGET_DEFAULT=1
Target: x86_64-redhat-linux
Configured with: ../configure --enable-bootstrap --enable-languages=c,c++,fortran,objc,obj-c++,ada,go,d,m2,lto --prefix=/usr --mandir=/usr/share/man --infodir=/usr/share/info --with-bugurl=http://bugzilla.redhat.com/bugzilla --enable-shared --enable-threads=posix --enable-checking=release --enable-multilib --with-system-zlib --enable-__cxa_atexit --disable-libunwind-exceptions --enable-gnu-unique-object --enable-linker-build-id --with-gcc-major-version-only --enable-libstdcxx-backtrace --with-libstdcxx-zoneinfo=/usr/share/zoneinfo --with-linker-hash-style=gnu --enable-plugin --enable-initfini-array --with-isl=/builddir/build/BUILD/gcc-13.2.1-20230728/obj-x86_64-redhat-linux/isl-install --enable-offload-targets=nvptx-none --without-cuda-driver --enable-offload-defaulted --enable-gnu-indirect-function --enable-cet --with-tune=generic --with-arch_32=i686 --build=x86_64-redhat-linux --with-build-config=bootstrap-lto --enable-link-serialization=1
Thread model: posix
Supported LTO compression algorithms: zlib zstd
gcc version 13.2.1 20230728 (Red Hat 13.2.1-1) (GCC) 
... rest of stderr output deleted ...
configure:3434: $? = 0
configure:3423: gcc -V >&5
gcc: error: unrecognized command-line option '-V'
gcc: fatal error: no input files
compilation terminated.
configure:3434: $? = 1
configure:3423: gcc -qversion >&5
gcc: error: unrecognized command-line option '-qversion'; did you mean '--version'?
gcc: fatal error: no input files
compilation terminated.
configure:3434: $? = 1
configure:3423: gcc -version >&5
gcc: error: unrecognized command-line option '-version'
gcc: fatal error: no input files
compilation terminated.
configure:3434: $? = 1
configure:3454: checking whether the C compiler works
configure:3476: gcc -I/home/guy/liburing/src/include -g -lredis++ -L/home/guy/redis-plus-plus/build -Wl,-rpath=/home/guy/redis-plus-plus/build -lhiredis -L/usr/local/lib -Wl,-rpath=/usr/local/lib -O0  -Wall  -L/home/guy/liburing/src conftest.c  >&5
configure:3480: $? = 0
configure:3530: result: yes
configure:3533: checking for C compiler default output file name
configure:3535: result: a.out
configure:3541: checking for suffix of executables
configure:3548: gcc -o conftest -I/home/guy/liburing/src/include -g -lredis++ -L/home/guy/redis-plus-plus/build -Wl,-rpath=/home/guy/redis-plus-plus/build -lhiredis -L/usr/local/lib -Wl,-rpath=/usr/local/lib -O0  -Wall  -L/home/guy/liburing/src conftest.c  >&5
configure:3552: $? = 0
configure:3575: result: 
configure:3597: checking whether we are cross compiling
configure:3605: gcc -o conftest -I/home/guy/liburing/src/include -g -lredis++ -L/home/guy/redis-plus-plus/build -Wl,-rpath=/home/guy/redis-plus-plus/build -lhiredis -L/usr/local/lib -Wl,-rpath=/usr/local/lib -O0  -Wall  -L/home/guy/liburing/src conftest.c  >&5
configure:3609: $? = 0
configure:3616: ./conftest
configure:3620: $? = 0
configure:3635: result: no
configure:3640: checking for suffix of object files
configure:3663: gcc -c -I/home/guy/liburing/src/include -g -lredis++ -L/home/guy/redis-plus-plus/build -Wl,-rpath=/home/guy/redis-plus-plus/build -lhiredis -L/usr/local/lib -Wl,-rpath=/usr/local/lib -O0  -Wall  conftest.c >&5
configure:3667: $? = 0
configure:3689: result: o
configure:3693: checking whether the compiler supports GNU C
configure:3713: gcc -c -I/home/guy/liburing/src/include -g -lredis++ -L/home/guy/redis-plus-plus/build -Wl,-rpath=/home/guy/redis-plus-plus/build -lhiredis -L/usr/local/lib -Wl,-rpath=/usr/local/lib -O0  -Wall  conftest.c >&5
configure:3713: $? = 0
configure:3723: result: yes
configure:3734: checking whether gcc accepts -g
configure:3755: gcc -c -g  conftest.c >&5
configure:3755: $? = 0
configure:3799: result: yes
configure:3819: checking for gcc option to enable C11 features
configure:3834: gcc  -c -I/home/guy/liburing/src/include -g -lredis++ -L/home/guy/redis-plus-plus/build -Wl,-rpath=/home/guy/redis-plus-plus/build -lhiredis -L/usr/local/lib -Wl,-rpath=/usr/local/lib -O0  -Wall  conftest.c >&5
configure:3834: $? = 0
configure:3852: result: none needed
configure:3968: checking whether gcc understands -c and -o together
configure:3991: gcc -c conftest.c -o conftest2.o
configure:3994: $? = 0
configure:3991: gcc -c conftest.c -o conftest2.o
configure:3994: $? = 0
configure:4006: result: yes
configure:4028: checking for stdio.h
configure:4028: gcc -c -I/home/guy/liburing/src/include -g -lredis++ -L/home/guy/redis-plus-plus/build -Wl,-rpath=/home/guy/redis-plus-plus/build -lhiredis -L/usr/local/lib -Wl,-rpath=/usr/local/lib -O0  -Wall  conftest.c >&5
configure:4028: $? = 0
configure:4028: result: yes
configure:4028: checking for stdlib.h
configure:4028: gcc -c -I/home/guy/liburing/src/include -g -lredis++ -L/home/guy/redis-plus-plus/build -Wl,-rpath=/home/guy/redis-plus-plus/build -lhiredis -L/usr/local/lib -Wl,-rpath=/usr/local/lib -O0  -Wall  conftest.c >&5
configure:4028: $? = 0
configure:4028: result: yes
configure:4028: checking for string.h
configure:4028: gcc -c -I/home/guy/liburing/src/include -g -lredis++ -L/home/guy/redis-plus-plus/build -Wl,-rpath=/home/guy/redis-plus-plus/build -lhiredis -L/usr/local/lib -Wl,-rpath=/usr/local/lib -O0  -Wall  conftest.c >&5
configure:4028: $? = 0
configure:4028: result: yes
configure:4028: checking for inttypes.h
configure:4028: gcc -c -I/home/guy/liburing/src/include -g -lredis++ -L/home/guy/redis-plus-plus/build -Wl,-rpath=/home/guy/redis-plus-plus/build -lhiredis -L/usr/local/lib -Wl,-rpath=/usr/local/lib -O0  -Wall  conftest.c >&5
configure:4028: $? = 0
configure:4028: result: yes
configure:4028: checking for stdint.h
configure:4028: gcc -c -I/home/guy/liburing/src/include -g -lredis++ -L/home/guy/redis-plus-plus/build -Wl,-rpath=/home/guy/redis-plus-plus/build -lhiredis -L/usr/local/lib -Wl,-rpath=/usr/local/lib -O0  -Wall  conftest.c >&5
configure:4028: $? = 0
configure:4028: result: yes
configure:4028: checking for strings.h
configure:4028: gcc -c -I/home/guy/liburing/src/include -g -lredis++ -L/home/guy/redis-plus-plus/build -Wl,-rpath=/home/guy/redis-plus-plus/build -lhiredis -L/usr/local/lib -Wl,-rpath=/usr/local/lib -O0  -Wall  conftest.c >&5
configure:4028: $? = 0
configure:4028: result: yes
configure:4028: checking for sys/stat.h
configure:4028: gcc -c -I/home/guy/liburing/src/include -g -lredis++ -L/home/guy/redis-plus-plus/build -Wl,-rpath=/home/guy/redis-plus-plus/build -lhiredis -L/usr/local/lib -Wl,-rpath=/usr/local/lib -O0  -Wall  conftest.c >&5
configure:4028: $? = 0
configure:4028: result: yes
configure:4028: checking for sys/types.h
configure:4028: gcc -c -I/home/guy/liburing/src/include -g -lredis++ -L/home/guy/redis-plus-plus/build -Wl,-rpath=/home/guy/redis-plus-plus/build -lhiredis -L/usr/local/lib -Wl,-rpath=/usr/local/lib -O0  -Wall  conftest.c >&5
configure:4028: $? = 0
configure:4028: result: yes
configure:4028: checking for unistd.h
configure:4028: gcc -c -I/home/guy/liburing/src/include -g -lredis++ -L/home/guy/redis-plus-plus/build -Wl,-rpath=/home/guy/redis-plus-plus/build -lhiredis -L/usr/local/lib -Wl,-rpath=/usr/local/lib -O0  -Wall  conftest.c >&5
configure:4028: $? = 0
configure:4028: result: yes
configure:4028: checking for wchar.h
configure:4028: gcc -c -I/home/guy/liburing/src/include -g -lredis++ -L/home/guy/redis-plus-plus/build -Wl,-rpath=/home/guy/redis-plus-plus/build -lhiredis -L/usr/local/lib -Wl,-rpath=/usr/local/lib -O0  -Wall  conftest.c >&5
configure:4028: $? = 0
configure:4028: result: yes
configure:4028: checking for minix/config.h
configure:4028: gcc -c -I/home/guy/liburing/src/include -g -lredis++ -L/home/guy/redis-plus-plus/build -Wl,-rpath=/home/guy/redis-plus-plus/build -lhiredis -L/usr/local/lib -Wl,-rpath=/usr/local/lib -O0  -Wall  conftest.c >&5
conftest.c:47:10: fatal error: minix/config.h: No such file or directory
   47 | #include <minix/config.h>
      |          ^~~~~~~~~~~~~~~~
compilation terminated.
configure:4028: $? = 1
configure: failed program was:
| /* confdefs.h */
| #define PACKAGE_NAME "ublksrv"
| #define PACKAGE_TARNAME "ublksrv"
| #define PACKAGE_VERSION "0.unknown"
| #define PACKAGE_STRING "ublksrv 0.unknown"
| #define PACKAGE_BUGREPORT "https://github.com/ming1/ubdsrv"
| #define PACKAGE_URL "https://github.com/ming1/ubdsrv"
| #define HAVE_STDIO_H 1
| #define HAVE_STDLIB_H 1
| #define HAVE_STRING_H 1
| #define HAVE_INTTYPES_H 1
| #define HAVE_STDINT_H 1
| #define HAVE_STRINGS_H 1
| #define HAVE_SYS_STAT_H 1
| #define HAVE_SYS_TYPES_H 1
| #define HAVE_UNISTD_H 1
| #define HAVE_WCHAR_H 1
| /* end confdefs.h.  */
| #include <stddef.h>
| #ifdef HAVE_STDIO_H
| # include <stdio.h>
| #endif
| #ifdef HAVE_STDLIB_H
| # include <stdlib.h>
| #endif
| #ifdef HAVE_STRING_H
| # include <string.h>
| #endif
| #ifdef HAVE_INTTYPES_H
| # include <inttypes.h>
| #endif
| #ifdef HAVE_STDINT_H
| # include <stdint.h>
| #endif
| #ifdef HAVE_STRINGS_H
| # include <strings.h>
| #endif
| #ifdef HAVE_SYS_TYPES_H
| # include <sys/types.h>
| #endif
| #ifdef HAVE_SYS_STAT_H
| # include <sys/stat.h>
| #endif
| #ifdef HAVE_UNISTD_H
| # include <unistd.h>
| #endif
| #include <minix/config.h>
configure:4028: result: no
configure:4059: checking whether it is safe to define __EXTENSIONS__
configure:4078: gcc -c -I/home/guy/liburing/src/include -g -lredis++ -L/home/guy/redis-plus-plus/build -Wl,-rpath=/home/guy/redis-plus-plus/build -lhiredis -L/usr/local/lib -Wl,-rpath=/usr/local/lib -O0  -Wall  conftest.c >&5
configure:4078: $? = 0
configure:4086: result: yes
configure:4089: checking whether _XOPEN_SOURCE should be defined
configure:4111: gcc -c -I/home/guy/liburing/src/include -g -lredis++ -L/home/guy/redis-plus-plus/build -Wl,-rpath=/home/guy/redis-plus-plus/build -lhiredis -L/usr/local/lib -Wl,-rpath=/usr/local/lib -O0  -Wall  conftest.c >&5
configure:4111: $? = 0
configure:4138: result: no
configure:4202: checking for special C compiler options needed for large files
configure:4250: result: no
configure:4256: checking for _FILE_OFFSET_BITS value needed for large files
configure:4282: gcc -c -I/home/guy/liburing/src/include -g -lredis++ -L/home/guy/redis-plus-plus/build -Wl,-rpath=/home/guy/redis-plus-plus/build -lhiredis -L/usr/local/lib -Wl,-rpath=/usr/local/lib -O0  -Wall  conftest.c >&5
configure:4282: $? = 0
configure:4316: result: no
configure:4411: checking whether make supports nested variables
configure:4429: result: yes
configure:4458: checking for a BSD-compatible install
configure:4531: result: /usr/bin/install -c
configure:4542: checking whether build environment is sane
configure:4597: result: yes
configure:4752: checking for a race-free mkdir -p
configure:4796: result: /usr/bin/mkdir -p
configure:4803: checking for gawk
configure:4824: found /usr/bin/gawk
configure:4835: result: gawk
configure:4846: checking whether make sets $(MAKE)
configure:4869: result: yes
configure:4891: checking whether make supports the include directive
configure:4906: make -f confmf.GNU && cat confinc.out
this is the am__doit target
configure:4909: $? = 0
configure:4928: result: yes (GNU style)
configure:5021: checking dependency style of gcc
configure:5133: result: gcc3
configure:5237: checking build system type
configure:5252: result: x86_64-pc-linux-gnu
configure:5272: checking host system type
configure:5286: result: x86_64-pc-linux-gnu
configure:5327: checking how to print strings
configure:5354: result: printf
configure:5375: checking for a sed that does not truncate output
configure:5445: result: /usr/bin/sed
configure:5463: checking for grep that handles long lines and -e
configure:5527: result: /usr/bin/grep
configure:5532: checking for egrep
configure:5600: result: /usr/bin/grep -E
configure:5605: checking for fgrep
configure:5673: result: /usr/bin/grep -F
configure:5709: checking for ld used by gcc
configure:5777: result: /usr/bin/ld
configure:5784: checking if the linker (/usr/bin/ld) is GNU ld
configure:5800: result: yes
configure:5812: checking for BSD- or MS-compatible name lister (nm)
configure:5867: result: /usr/bin/nm -B
configure:6007: checking the name lister (/usr/bin/nm -B) interface
configure:6015: gcc -c -I/home/guy/liburing/src/include -g -lredis++ -L/home/guy/redis-plus-plus/build -Wl,-rpath=/home/guy/redis-plus-plus/build -lhiredis -L/usr/local/lib -Wl,-rpath=/usr/local/lib -O0  -Wall  conftest.c >&5
configure:6018: /usr/bin/nm -B "conftest.o"
configure:6021: output
0000000000000000 B some_variable
configure:6028: result: BSD nm
configure:6031: checking whether ln -s works
configure:6035: result: yes
configure:6043: checking the maximum length of command line arguments
configure:6175: result: 1572864
configure:6223: checking how to convert x86_64-pc-linux-gnu file names to x86_64-pc-linux-gnu format
configure:6264: result: func_convert_file_noop
configure:6271: checking how to convert x86_64-pc-linux-gnu file names to toolchain format
configure:6292: result: func_convert_file_noop
configure:6299: checking for /usr/bin/ld option to reload object files
configure:6307: result: -r
configure:6386: checking for file
configure:6407: found /usr/bin/file
configure:6418: result: file
configure:6494: checking for objdump
configure:6515: found /usr/bin/objdump
configure:6526: result: objdump
configure:6558: checking how to recognize dependent libraries
configure:6759: result: pass_all
configure:6849: checking for dlltool
configure:6884: result: no
configure:6914: checking how to associate runtime and link libraries
configure:6942: result: printf %s\n
configure:7007: checking for ar
configure:7028: found /usr/bin/ar
configure:7039: result: ar
configure:7092: checking for archiver @FILE support
configure:7110: gcc -c -I/home/guy/liburing/src/include -g -lredis++ -L/home/guy/redis-plus-plus/build -Wl,-rpath=/home/guy/redis-plus-plus/build -lhiredis -L/usr/local/lib -Wl,-rpath=/usr/local/lib -O0  -Wall  conftest.c >&5
configure:7110: $? = 0
configure:7114: ar cr libconftest.a @conftest.lst >&5
configure:7117: $? = 0
configure:7122: ar cr libconftest.a @conftest.lst >&5
ar: conftest.o: No such file or directory
configure:7125: $? = 1
configure:7137: result: @
configure:7200: checking for strip
configure:7221: found /usr/bin/strip
configure:7232: result: strip
configure:7309: checking for ranlib
configure:7330: found /usr/bin/ranlib
configure:7341: result: ranlib
configure:7443: checking command to parse /usr/bin/nm -B output from gcc object
configure:7597: gcc -c -I/home/guy/liburing/src/include -g -lredis++ -L/home/guy/redis-plus-plus/build -Wl,-rpath=/home/guy/redis-plus-plus/build -lhiredis -L/usr/local/lib -Wl,-rpath=/usr/local/lib -O0  -Wall  conftest.c >&5
configure:7600: $? = 0
configure:7604: /usr/bin/nm -B conftest.o \| /usr/bin/sed -n -e 's/^.*[ ]\([ABCDGIRSTW][ABCDGIRSTW]*\)[ ][ ]*\([_A-Za-z][_A-Za-z0-9]*\)$/\1 \2 \2/p' | /usr/bin/sed '/ __gnu_lto/d' \> conftest.nm
configure:7607: $? = 0
configure:7673: gcc -o conftest -I/home/guy/liburing/src/include -g -lredis++ -L/home/guy/redis-plus-plus/build -Wl,-rpath=/home/guy/redis-plus-plus/build -lhiredis -L/usr/local/lib -Wl,-rpath=/usr/local/lib -O0  -Wall  -L/home/guy/liburing/src conftest.c conftstm.o >&5
configure:7676: $? = 0
configure:7714: result: ok
configure:7761: checking for sysroot
configure:7792: result: no
configure:7799: checking for a working dd
configure:7843: result: /usr/bin/dd
configure:7847: checking how to truncate binary pipes
configure:7863: result: /usr/bin/dd bs=4096 count=1
configure:8000: gcc -c -I/home/guy/liburing/src/include -g -lredis++ -L/home/guy/redis-plus-plus/build -Wl,-rpath=/home/guy/redis-plus-plus/build -lhiredis -L/usr/local/lib -Wl,-rpath=/usr/local/lib -O0  -Wall  conftest.c >&5
configure:8003: $? = 0
configure:8200: checking for mt
configure:8235: result: no
configure:8255: checking if : is a manifest tool
configure:8262: : '-?'
configure:8270: result: no
configure:8991: checking for dlfcn.h
configure:8991: gcc -c -I/home/guy/liburing/src/include -g -lredis++ -L/home/guy/redis-plus-plus/build -Wl,-rpath=/home/guy/redis-plus-plus/build -lhiredis -L/usr/local/lib -Wl,-rpath=/usr/local/lib -O0  -Wall  conftest.c >&5
configure:8991: $? = 0
configure:8991: result: yes
configure:9250: checking for objdir
configure:9266: result: .libs
configure:9530: checking if gcc supports -fno-rtti -fno-exceptions
configure:9549: gcc -c -I/home/guy/liburing/src/include -g -lredis++ -L/home/guy/redis-plus-plus/build -Wl,-rpath=/home/guy/redis-plus-plus/build -lhiredis -L/usr/local/lib -Wl,-rpath=/usr/local/lib -O0  -Wall  -fno-rtti -fno-exceptions conftest.c >&5
cc1: warning: command-line option '-fno-rtti' is valid for C++/D/ObjC++ but not for C
configure:9553: $? = 0
configure:9566: result: no
configure:9924: checking for gcc option to produce PIC
configure:9932: result: -fPIC -DPIC
configure:9940: checking if gcc PIC flag -fPIC -DPIC works
configure:9959: gcc -c -I/home/guy/liburing/src/include -g -lredis++ -L/home/guy/redis-plus-plus/build -Wl,-rpath=/home/guy/redis-plus-plus/build -lhiredis -L/usr/local/lib -Wl,-rpath=/usr/local/lib -O0  -Wall  -fPIC -DPIC -DPIC conftest.c >&5
configure:9963: $? = 0
configure:9976: result: yes
configure:10005: checking if gcc static flag -static works
configure:10034: result: no
configure:10049: checking if gcc supports -c -o file.o
configure:10071: gcc -c -I/home/guy/liburing/src/include -g -lredis++ -L/home/guy/redis-plus-plus/build -Wl,-rpath=/home/guy/redis-plus-plus/build -lhiredis -L/usr/local/lib -Wl,-rpath=/usr/local/lib -O0  -Wall  -o out/conftest2.o conftest.c >&5
configure:10075: $? = 0
configure:10097: result: yes
configure:10105: checking if gcc supports -c -o file.o
configure:10153: result: yes
configure:10186: checking whether the gcc linker (/usr/bin/ld -m elf_x86_64) supports shared libraries
configure:11454: result: yes
configure:11491: checking whether -lc should be explicitly linked in
configure:11500: gcc -c -I/home/guy/liburing/src/include -g -lredis++ -L/home/guy/redis-plus-plus/build -Wl,-rpath=/home/guy/redis-plus-plus/build -lhiredis -L/usr/local/lib -Wl,-rpath=/usr/local/lib -O0  -Wall  conftest.c >&5
configure:11503: $? = 0
configure:11518: gcc -shared  -fPIC -DPIC conftest.o  -v -Wl,-soname -Wl,conftest -o conftest 2\>\&1 \| /usr/bin/grep  -lc  \>/dev/null 2\>\&1
configure:11521: $? = 0
configure:11535: result: no
configure:11695: checking dynamic linker characteristics
configure:12277: gcc -o conftest -I/home/guy/liburing/src/include -g -lredis++ -L/home/guy/redis-plus-plus/build -Wl,-rpath=/home/guy/redis-plus-plus/build -lhiredis -L/usr/local/lib -Wl,-rpath=/usr/local/lib -O0  -Wall  -L/home/guy/liburing/src -Wl,-rpath -Wl,/foo conftest.c  >&5
configure:12277: $? = 0
configure:12519: result: GNU/Linux ld.so
configure:12641: checking how to hardcode library paths into programs
configure:12666: result: immediate
configure:13218: checking whether stripping libraries is possible
configure:13227: result: yes
configure:13269: checking if libtool supports shared libraries
configure:13271: result: yes
configure:13274: checking whether to build shared libraries
configure:13299: result: yes
configure:13302: checking whether to build static libraries
configure:13306: result: yes
configure:13346: checking for a sed that does not truncate output
configure:13416: result: /usr/bin/sed
configure:13475: checking for gcc
configure:13507: result: gcc
configure:13860: checking for C compiler version
configure:13869: gcc --version >&5
gcc (GCC) 13.2.1 20230728 (Red Hat 13.2.1-1)
Copyright (C) 2023 Free Software Foundation, Inc.
This is free software; see the source for copying conditions.  There is NO
warranty; not even for MERCHANTABILITY or FITNESS FOR A PARTICULAR PURPOSE.

configure:13880: $? = 0
configure:13869: gcc -v >&5
Using built-in specs.
COLLECT_GCC=gcc
COLLECT_LTO_WRAPPER=/usr/libexec/gcc/x86_64-redhat-linux/13/lto-wrapper
OFFLOAD_TARGET_NAMES=nvptx-none
OFFLOAD_TARGET_DEFAULT=1
Target: x86_64-redhat-linux
Configured with: ../configure --enable-bootstrap --enable-languages=c,c++,fortran,objc,obj-c++,ada,go,d,m2,lto --prefix=/usr --mandir=/usr/share/man --infodir=/usr/share/info --with-bugurl=http://bugzilla.redhat.com/bugzilla --enable-shared --enable-threads=posix --enable-checking=release --enable-multilib --with-system-zlib --enable-__cxa_atexit --disable-libunwind-exceptions --enable-gnu-unique-object --enable-linker-build-id --with-gcc-major-version-only --enable-libstdcxx-backtrace --with-libstdcxx-zoneinfo=/usr/share/zoneinfo --with-linker-hash-style=gnu --enable-plugin --enable-initfini-array --with-isl=/builddir/build/BUILD/gcc-13.2.1-20230728/obj-x86_64-redhat-linux/isl-install --enable-offload-targets=nvptx-none --without-cuda-driver --enable-offload-defaulted --enable-gnu-indirect-function --enable-cet --with-tune=generic --with-arch_32=i686 --build=x86_64-redhat-linux --with-build-config=bootstrap-lto --enable-link-serialization=1
Thread model: posix
Supported LTO compression algorithms: zlib zstd
gcc version 13.2.1 20230728 (Red Hat 13.2.1-1) (GCC) 
... rest of stderr output deleted ...
configure:13880: $? = 0
configure:13869: gcc -V >&5
gcc: error: unrecognized command-line option '-V'
gcc: fatal error: no input files
compilation terminated.
configure:13880: $? = 1
configure:13869: gcc -qversion >&5
gcc: error: unrecognized command-line option '-qversion'; did you mean '--version'?
gcc: fatal error: no input files
compilation terminated.
configure:13880: $? = 1
configure:13869: gcc -version >&5
gcc: error: unrecognized command-line option '-version'
gcc: fatal error: no input files
compilation terminated.
configure:13880: $? = 1
configure:13884: checking whether the compiler supports GNU C
configure:13914: result: yes
configure:13925: checking whether gcc accepts -g
configure:13990: result: yes
configure:14010: checking for gcc option to enable C11 features
configure:14043: result: none needed
configure:14159: checking whether gcc understands -c and -o together
configure:14197: result: yes
configure:14220: checking how to run the C preprocessor
configure:14246: gcc -E  conftest.c
configure:14246: $? = 0
configure:14261: gcc -E  conftest.c
conftest.c:40:10: fatal error: ac_nonexistent.h: No such file or directory
   40 | #include <ac_nonexistent.h>
      |          ^~~~~~~~~~~~~~~~~~
compilation terminated.
configure:14261: $? = 1
configure: failed program was:
| /* confdefs.h */
| #define PACKAGE_NAME "ublksrv"
| #define PACKAGE_TARNAME "ublksrv"
| #define PACKAGE_VERSION "0.unknown"
| #define PACKAGE_STRING "ublksrv 0.unknown"
| #define PACKAGE_BUGREPORT "https://github.com/ming1/ubdsrv"
| #define PACKAGE_URL "https://github.com/ming1/ubdsrv"
| #define HAVE_STDIO_H 1
| #define HAVE_STDLIB_H 1
| #define HAVE_STRING_H 1
| #define HAVE_INTTYPES_H 1
| #define HAVE_STDINT_H 1
| #define HAVE_STRINGS_H 1
| #define HAVE_SYS_STAT_H 1
| #define HAVE_SYS_TYPES_H 1
| #define HAVE_UNISTD_H 1
| #define HAVE_WCHAR_H 1
| #define STDC_HEADERS 1
| #define _ALL_SOURCE 1
| #define _DARWIN_C_SOURCE 1
| #define _GNU_SOURCE 1
| #define _HPUX_ALT_XOPEN_SOCKET_API 1
| #define _NETBSD_SOURCE 1
| #define _OPENBSD_SOURCE 1
| #define _POSIX_PTHREAD_SEMANTICS 1
| #define __STDC_WANT_IEC_60559_ATTRIBS_EXT__ 1
| #define __STDC_WANT_IEC_60559_BFP_EXT__ 1
| #define __STDC_WANT_IEC_60559_DFP_EXT__ 1
| #define __STDC_WANT_IEC_60559_FUNCS_EXT__ 1
| #define __STDC_WANT_IEC_60559_TYPES_EXT__ 1
| #define __STDC_WANT_LIB_EXT2__ 1
| #define __STDC_WANT_MATH_SPEC_FUNCS__ 1
| #define _TANDEM_SOURCE 1
| #define __EXTENSIONS__ 1
| #define PACKAGE "ublksrv"
| #define VERSION "0.unknown"
| #define HAVE_DLFCN_H 1
| #define LT_OBJDIR ".libs/"
| /* end confdefs.h.  */
| #include <ac_nonexistent.h>
configure:14288: result: gcc -E
configure:14302: gcc -E  conftest.c
configure:14302: $? = 0
configure:14317: gcc -E  conftest.c
conftest.c:40:10: fatal error: ac_nonexistent.h: No such file or directory
   40 | #include <ac_nonexistent.h>
      |          ^~~~~~~~~~~~~~~~~~
compilation terminated.
configure:14317: $? = 1
configure: failed program was:
| /* confdefs.h */
| #define PACKAGE_NAME "ublksrv"
| #define PACKAGE_TARNAME "ublksrv"
| #define PACKAGE_VERSION "0.unknown"
| #define PACKAGE_STRING "ublksrv 0.unknown"
| #define PACKAGE_BUGREPORT "https://github.com/ming1/ubdsrv"
| #define PACKAGE_URL "https://github.com/ming1/ubdsrv"
| #define HAVE_STDIO_H 1
| #define HAVE_STDLIB_H 1
| #define HAVE_STRING_H 1
| #define HAVE_INTTYPES_H 1
| #define HAVE_STDINT_H 1
| #define HAVE_STRINGS_H 1
| #define HAVE_SYS_STAT_H 1
| #define HAVE_SYS_TYPES_H 1
| #define HAVE_UNISTD_H 1
| #define HAVE_WCHAR_H 1
| #define STDC_HEADERS 1
| #define _ALL_SOURCE 1
| #define _DARWIN_C_SOURCE 1
| #define _GNU_SOURCE 1
| #define _HPUX_ALT_XOPEN_SOCKET_API 1
| #define _NETBSD_SOURCE 1
| #define _OPENBSD_SOURCE 1
| #define _POSIX_PTHREAD_SEMANTICS 1
| #define __STDC_WANT_IEC_60559_ATTRIBS_EXT__ 1
| #define __STDC_WANT_IEC_60559_BFP_EXT__ 1
| #define __STDC_WANT_IEC_60559_DFP_EXT__ 1
| #define __STDC_WANT_IEC_60559_FUNCS_EXT__ 1
| #define __STDC_WANT_IEC_60559_TYPES_EXT__ 1
| #define __STDC_WANT_LIB_EXT2__ 1
| #define __STDC_WANT_MATH_SPEC_FUNCS__ 1
| #define _TANDEM_SOURCE 1
| #define __EXTENSIONS__ 1
| #define PACKAGE "ublksrv"
| #define VERSION "0.unknown"
| #define HAVE_DLFCN_H 1
| #define LT_OBJDIR ".libs/"
| /* end confdefs.h.  */
| #include <ac_nonexistent.h>
configure:14522: checking whether gcc is Clang
configure:14549: result: no
configure:14614: checking whether pthreads work with "-pthread" and "-lpthread"
configure:14725: gcc -o conftest -I/home/guy/liburing/src/include -g -lredis++ -L/home/guy/redis-plus-plus/build -Wl,-rpath=/home/guy/redis-plus-plus/build -lhiredis -L/usr/local/lib -Wl,-rpath=/usr/local/lib -O0  -Wall -pthread  -L/home/guy/liburing/src conftest.c -lpthread  >&5
configure:14725: $? = 0
configure:14735: result: yes
configure:14858: checking for joinable pthread attribute
configure:14877: gcc -o conftest -I/home/guy/liburing/src/include -g -lredis++ -L/home/guy/redis-plus-plus/build -Wl,-rpath=/home/guy/redis-plus-plus/build -lhiredis -L/usr/local/lib -Wl,-rpath=/usr/local/lib -O0  -Wall -pthread  -L/home/guy/liburing/src conftest.c -lpthread  >&5
configure:14877: $? = 0
configure:14886: result: PTHREAD_CREATE_JOINABLE
configure:14899: checking whether more special flags are required for pthreads
configure:14913: result: no
configure:14922: checking for PTHREAD_PRIO_INHERIT
configure:14940: gcc -o conftest -I/home/guy/liburing/src/include -g -lredis++ -L/home/guy/redis-plus-plus/build -Wl,-rpath=/home/guy/redis-plus-plus/build -lhiredis -L/usr/local/lib -Wl,-rpath=/usr/local/lib -O0  -Wall -pthread  -L/home/guy/liburing/src conftest.c -lpthread  >&5
configure:14940: $? = 0
configure:14950: result: yes
configure:15195: checking for g++
configure:15216: found /usr/bin/g++
configure:15227: result: g++
configure:15254: checking for C++ compiler version
configure:15263: g++ --version >&5
g++ (GCC) 13.2.1 20230728 (Red Hat 13.2.1-1)
Copyright (C) 2023 Free Software Foundation, Inc.
This is free software; see the source for copying conditions.  There is NO
warranty; not even for MERCHANTABILITY or FITNESS FOR A PARTICULAR PURPOSE.

configure:15274: $? = 0
configure:15263: g++ -v >&5
Using built-in specs.
COLLECT_GCC=g++
COLLECT_LTO_WRAPPER=/usr/libexec/gcc/x86_64-redhat-linux/13/lto-wrapper
OFFLOAD_TARGET_NAMES=nvptx-none
OFFLOAD_TARGET_DEFAULT=1
Target: x86_64-redhat-linux
Configured with: ../configure --enable-bootstrap --enable-languages=c,c++,fortran,objc,obj-c++,ada,go,d,m2,lto --prefix=/usr --mandir=/usr/share/man --infodir=/usr/share/info --with-bugurl=http://bugzilla.redhat.com/bugzilla --enable-shared --enable-threads=posix --enable-checking=release --enable-multilib --with-system-zlib --enable-__cxa_atexit --disable-libunwind-exceptions --enable-gnu-unique-object --enable-linker-build-id --with-gcc-major-version-only --enable-libstdcxx-backtrace --with-libstdcxx-zoneinfo=/usr/share/zoneinfo --with-linker-hash-style=gnu --enable-plugin --enable-initfini-array --with-isl=/builddir/build/BUILD/gcc-13.2.1-20230728/obj-x86_64-redhat-linux/isl-install --enable-offload-targets=nvptx-none --without-cuda-driver --enable-offload-defaulted --enable-gnu-indirect-function --enable-cet --with-tune=generic --with-arch_32=i686 --build=x86_64-redhat-linux --with-build-config=bootstrap-lto --enable-link-serialization=1
Thread model: posix
Supported LTO compression algorithms: zlib zstd
gcc version 13.2.1 20230728 (Red Hat 13.2.1-1) (GCC) 
... rest of stderr output deleted ...
configure:15274: $? = 0
configure:15263: g++ -V >&5
g++: error: unrecognized command-line option '-V'
g++: fatal error: no input files
compilation terminated.
configure:15274: $? = 1
configure:15263: g++ -qversion >&5
g++: error: unrecognized command-line option '-qversion'; did you mean '--version'?
g++: fatal error: no input files
compilation terminated.
configure:15274: $? = 1
configure:15278: checking whether the compiler supports GNU C++
configure:15298: g++ -c -I/home/guy/liburing/src/include -g -lredis++ -L/home/guy/redis-plus-plus/build -Wl,-rpath=/home/guy/redis-plus-plus/build -lhiredis -L/usr/local/lib -Wl,-rpath=/usr/local/lib -O0  -Wall  conftest.cpp >&5
configure:15298: $? = 0
configure:15308: result: yes
configure:15319: checking whether g++ accepts -g
configure:15340: g++ -c -g  conftest.cpp >&5
configure:15340: $? = 0
configure:15384: result: yes
configure:15404: checking for g++ option to enable C++11 features
configure:15419: g++  -c -I/home/guy/liburing/src/include -g -lredis++ -L/home/guy/redis-plus-plus/build -Wl,-rpath=/home/guy/redis-plus-plus/build -lhiredis -L/usr/local/lib -Wl,-rpath=/usr/local/lib -O0  -Wall  conftest.cpp >&5
conftest.cpp: In function 'int main(int, char**)':
conftest.cpp:167:8: warning: unused variable 'a1' [-Wunused-variable]
  167 |   auto a1 = 6538;
      |        ^~
conftest.cpp:174:16: warning: unused variable 'a4' [-Wunused-variable]
  174 |   decltype(a2) a4 = 34895.034;
      |                ^~
conftest.cpp:178:9: warning: unused variable 'sa' [-Wunused-variable]
  178 |   short sa[cxx11test::get_val()] = { 0 };
      |         ^~
conftest.cpp:182:23: warning: unused variable 'il' [-Wunused-variable]
  182 |   cxx11test::testinit il = { 4323, 435234.23544 };
      |                       ^~
conftest.cpp:203:8: warning: unused variable 'a' [-Wunused-variable]
  203 |   auto a = sum(1);
      |        ^
conftest.cpp:204:8: warning: unused variable 'b' [-Wunused-variable]
  204 |   auto b = sum(1, 2);
      |        ^
conftest.cpp:205:8: warning: unused variable 'c' [-Wunused-variable]
  205 |   auto c = sum(1.0, 2.0, 3.0);
      |        ^
conftest.cpp:210:25: warning: empty parentheses were disambiguated as a function declaration [-Wvexing-parse]
  210 |   cxx11test::delegate d2();
      |                         ^~
conftest.cpp:210:25: note: remove parentheses to default-initialize a variable
  210 |   cxx11test::delegate d2();
      |                         ^~
      |                         --
conftest.cpp:210:25: note: or replace parentheses with braces to value-initialize a variable
conftest.cpp:219:9: warning: unused variable 'c' [-Wunused-variable]
  219 |   char *c = nullptr;
      |         ^
conftest.cpp:227:15: warning: unused variable 'utf8' [-Wunused-variable]
  227 |   char const *utf8 = u8"UTF-8 string \u2500";
      |               ^~~~
conftest.cpp:228:19: warning: unused variable 'utf16' [-Wunused-variable]
  228 |   char16_t const *utf16 = u"UTF-8 string \u2500";
      |                   ^~~~~
conftest.cpp:229:19: warning: unused variable 'utf32' [-Wunused-variable]
  229 |   char32_t const *utf32 = U"UTF-32 string \u2500";
      |                   ^~~~~
configure:15419: $? = 0
configure:15437: result: none needed
configure:15503: checking dependency style of g++
configure:15615: result: gcc3
configure:15648: checking how to run the C++ preprocessor
configure:15670: g++ -E  conftest.cpp
configure:15670: $? = 0
configure:15685: g++ -E  conftest.cpp
conftest.cpp:44:10: fatal error: ac_nonexistent.h: No such file or directory
   44 | #include <ac_nonexistent.h>
      |          ^~~~~~~~~~~~~~~~~~
compilation terminated.
configure:15685: $? = 1
configure: failed program was:
| /* confdefs.h */
| #define PACKAGE_NAME "ublksrv"
| #define PACKAGE_TARNAME "ublksrv"
| #define PACKAGE_VERSION "0.unknown"
| #define PACKAGE_STRING "ublksrv 0.unknown"
| #define PACKAGE_BUGREPORT "https://github.com/ming1/ubdsrv"
| #define PACKAGE_URL "https://github.com/ming1/ubdsrv"
| #define HAVE_STDIO_H 1
| #define HAVE_STDLIB_H 1
| #define HAVE_STRING_H 1
| #define HAVE_INTTYPES_H 1
| #define HAVE_STDINT_H 1
| #define HAVE_STRINGS_H 1
| #define HAVE_SYS_STAT_H 1
| #define HAVE_SYS_TYPES_H 1
| #define HAVE_UNISTD_H 1
| #define HAVE_WCHAR_H 1
| #define STDC_HEADERS 1
| #define _ALL_SOURCE 1
| #define _DARWIN_C_SOURCE 1
| #define _GNU_SOURCE 1
| #define _HPUX_ALT_XOPEN_SOCKET_API 1
| #define _NETBSD_SOURCE 1
| #define _OPENBSD_SOURCE 1
| #define _POSIX_PTHREAD_SEMANTICS 1
| #define __STDC_WANT_IEC_60559_ATTRIBS_EXT__ 1
| #define __STDC_WANT_IEC_60559_BFP_EXT__ 1
| #define __STDC_WANT_IEC_60559_DFP_EXT__ 1
| #define __STDC_WANT_IEC_60559_FUNCS_EXT__ 1
| #define __STDC_WANT_IEC_60559_TYPES_EXT__ 1
| #define __STDC_WANT_LIB_EXT2__ 1
| #define __STDC_WANT_MATH_SPEC_FUNCS__ 1
| #define _TANDEM_SOURCE 1
| #define __EXTENSIONS__ 1
| #define PACKAGE "ublksrv"
| #define VERSION "0.unknown"
| #define HAVE_DLFCN_H 1
| #define LT_OBJDIR ".libs/"
| #define PROTOTYPES 1
| #define __PROTOTYPES 1
| #define HAVE_PTHREAD_PRIO_INHERIT 1
| #define HAVE_PTHREAD 1
| /* end confdefs.h.  */
| #include <ac_nonexistent.h>
configure:15712: result: g++ -E
configure:15726: g++ -E  conftest.cpp
configure:15726: $? = 0
configure:15741: g++ -E  conftest.cpp
conftest.cpp:44:10: fatal error: ac_nonexistent.h: No such file or directory
   44 | #include <ac_nonexistent.h>
      |          ^~~~~~~~~~~~~~~~~~
compilation terminated.
configure:15741: $? = 1
configure: failed program was:
| /* confdefs.h */
| #define PACKAGE_NAME "ublksrv"
| #define PACKAGE_TARNAME "ublksrv"
| #define PACKAGE_VERSION "0.unknown"
| #define PACKAGE_STRING "ublksrv 0.unknown"
| #define PACKAGE_BUGREPORT "https://github.com/ming1/ubdsrv"
| #define PACKAGE_URL "https://github.com/ming1/ubdsrv"
| #define HAVE_STDIO_H 1
| #define HAVE_STDLIB_H 1
| #define HAVE_STRING_H 1
| #define HAVE_INTTYPES_H 1
| #define HAVE_STDINT_H 1
| #define HAVE_STRINGS_H 1
| #define HAVE_SYS_STAT_H 1
| #define HAVE_SYS_TYPES_H 1
| #define HAVE_UNISTD_H 1
| #define HAVE_WCHAR_H 1
| #define STDC_HEADERS 1
| #define _ALL_SOURCE 1
| #define _DARWIN_C_SOURCE 1
| #define _GNU_SOURCE 1
| #define _HPUX_ALT_XOPEN_SOCKET_API 1
| #define _NETBSD_SOURCE 1
| #define _OPENBSD_SOURCE 1
| #define _POSIX_PTHREAD_SEMANTICS 1
| #define __STDC_WANT_IEC_60559_ATTRIBS_EXT__ 1
| #define __STDC_WANT_IEC_60559_BFP_EXT__ 1
| #define __STDC_WANT_IEC_60559_DFP_EXT__ 1
| #define __STDC_WANT_IEC_60559_FUNCS_EXT__ 1
| #define __STDC_WANT_IEC_60559_TYPES_EXT__ 1
| #define __STDC_WANT_LIB_EXT2__ 1
| #define __STDC_WANT_MATH_SPEC_FUNCS__ 1
| #define _TANDEM_SOURCE 1
| #define __EXTENSIONS__ 1
| #define PACKAGE "ublksrv"
| #define VERSION "0.unknown"
| #define HAVE_DLFCN_H 1
| #define LT_OBJDIR ".libs/"
| #define PROTOTYPES 1
| #define __PROTOTYPES 1
| #define HAVE_PTHREAD_PRIO_INHERIT 1
| #define HAVE_PTHREAD 1
| /* end confdefs.h.  */
| #include <ac_nonexistent.h>
configure:15906: checking for ld used by g++
configure:15974: result: /usr/bin/ld -m elf_x86_64
configure:15981: checking if the linker (/usr/bin/ld -m elf_x86_64) is GNU ld
configure:15997: result: yes
configure:16052: checking whether the g++ linker (/usr/bin/ld -m elf_x86_64) supports shared libraries
configure:17130: result: yes
configure:17166: g++ -c -I/home/guy/liburing/src/include -g -lredis++ -L/home/guy/redis-plus-plus/build -Wl,-rpath=/home/guy/redis-plus-plus/build -lhiredis -L/usr/local/lib -Wl,-rpath=/usr/local/lib -O0  -Wall  conftest.cpp >&5
configure:17169: $? = 0
configure:17650: checking for g++ option to produce PIC
configure:17658: result: -fPIC -DPIC
configure:17666: checking if g++ PIC flag -fPIC -DPIC works
configure:17685: g++ -c -I/home/guy/liburing/src/include -g -lredis++ -L/home/guy/redis-plus-plus/build -Wl,-rpath=/home/guy/redis-plus-plus/build -lhiredis -L/usr/local/lib -Wl,-rpath=/usr/local/lib -O0  -Wall  -fPIC -DPIC -DPIC conftest.cpp >&5
configure:17689: $? = 0
configure:17702: result: yes
configure:17725: checking if g++ static flag -static works
configure:17754: result: no
configure:17766: checking if g++ supports -c -o file.o
configure:17788: g++ -c -I/home/guy/liburing/src/include -g -lredis++ -L/home/guy/redis-plus-plus/build -Wl,-rpath=/home/guy/redis-plus-plus/build -lhiredis -L/usr/local/lib -Wl,-rpath=/usr/local/lib -O0  -Wall  -o out/conftest2.o conftest.cpp >&5
configure:17792: $? = 0
configure:17814: result: yes
configure:17819: checking if g++ supports -c -o file.o
configure:17867: result: yes
configure:17897: checking whether the g++ linker (/usr/bin/ld -m elf_x86_64) supports shared libraries
configure:17937: result: yes
configure:18079: checking dynamic linker characteristics
configure:18830: result: GNU/Linux ld.so
configure:18895: checking how to hardcode library paths into programs
configure:18920: result: immediate
configure:18986: checking whether the compiler supports -Wvla
configure:19002: gcc -c -I/home/guy/liburing/src/include -g -lredis++ -L/home/guy/redis-plus-plus/build -Wl,-rpath=/home/guy/redis-plus-plus/build -lhiredis -L/usr/local/lib -Wl,-rpath=/usr/local/lib -O0  -Wall -Werror -Wvla  conftest.c >&5
configure:19002: $? = 0
configure:19005: result: yes
configure:18986: checking whether the compiler supports -Wframe-larger-than=5000
configure:19002: gcc -c -I/home/guy/liburing/src/include -g -lredis++ -L/home/guy/redis-plus-plus/build -Wl,-rpath=/home/guy/redis-plus-plus/build -lhiredis -L/usr/local/lib -Wl,-rpath=/usr/local/lib -O0  -Wall -Werror -Wframe-larger-than=5000  conftest.c >&5
configure:19002: $? = 0
configure:19005: result: yes
configure:18986: checking whether the compiler supports -Wstack-usage=10000
configure:19002: gcc -c -I/home/guy/liburing/src/include -g -lredis++ -L/home/guy/redis-plus-plus/build -Wl,-rpath=/home/guy/redis-plus-plus/build -lhiredis -L/usr/local/lib -Wl,-rpath=/usr/local/lib -O0  -Wall -Werror -Wstack-usage=10000  conftest.c >&5
configure:19002: $? = 0
configure:19005: result: yes
configure:19093: checking for pkg-config
configure:19116: found /usr/bin/pkg-config
configure:19128: result: /usr/bin/pkg-config
configure:19153: checking pkg-config is at least version 0.9.0
configure:19156: result: yes
configure:19166: checking for LIBURING
configure:19173: $PKG_CONFIG --exists --print-errors "liburing >= 2.2"
configure:19176: $? = 0
configure:19190: $PKG_CONFIG --exists --print-errors "liburing >= 2.2"
configure:19193: $? = 0
configure:19251: result: yes
configure:19256: checking for io_uring_prep_sendmsg_zc
configure:19273: gcc -o conftest -I/home/guy/liburing/src/include -g -lredis++ -L/home/guy/redis-plus-plus/build -Wl,-rpath=/home/guy/redis-plus-plus/build -lhiredis -L/usr/local/lib -Wl,-rpath=/usr/local/lib -O0  -Wall  -L/home/guy/liburing/src conftest.c  >&5
conftest.c: In function 'main':
conftest.c:51:14: warning: unused variable 'i' [-Wunused-variable]
   51 |          int i = IORING_CQE_F_NOTIF;
      |              ^
configure:19273: $? = 0
configure:19275: result: yes
configure:19317: checking for GnuTLS
configure:19324: $PKG_CONFIG --exists --print-errors "gnutls >= 2.12.0"
Package gnutls was not found in the pkg-config search path.
Perhaps you should add the directory containing `gnutls.pc'
to the PKG_CONFIG_PATH environment variable
Package 'gnutls', required by 'virtual:world', not found
configure:19327: $? = 1
configure:19341: $PKG_CONFIG --exists --print-errors "gnutls >= 2.12.0"
Package gnutls was not found in the pkg-config search path.
Perhaps you should add the directory containing `gnutls.pc'
to the PKG_CONFIG_PATH environment variable
Package 'gnutls', required by 'virtual:world', not found
configure:19344: $? = 1
configure:19358: result: no
Package 'gnutls', required by 'virtual:world', not found
configure:19446: checking whether Large File Support should be enabled
configure:19452: result: yes
configure:19465: checking for doxygen
configure:19486: found /usr/bin/doxygen
configure:19497: result: doxygen
configure:19628: checking that generated files are newer than configure
configure:19634: result: done
configure:19677: creating ./config.status

## ---------------------- ##
## Running config.status. ##
## ---------------------- ##

This file was extended by ublksrv config.status 0.unknown, which was
generated by GNU Autoconf 2.71.  Invocation command line was

  CONFIG_FILES    = 
  CONFIG_HEADERS  = 
  CONFIG_LINKS    = 
  CONFIG_COMMANDS = 
  $ ./config.status 

on fedora

config.status:1197: creating Makefile
config.status:1197: creating include/Makefile
config.status:1197: creating lib/Makefile
config.status:1197: creating tests/Makefile
config.status:1197: creating ublksrv.pc
config.status:1197: creating config.h
config.status:1378: config.h is unchanged
config.status:1426: executing depfiles commands
config.status:1503: cd .       && sed -e '/# am--include-marker/d' Makefile         | make -f - am--depfiles
make: Nothing to be done for 'am--depfiles'.
config.status:1508: $? = 0
config.status:1503: cd lib       && sed -e '/# am--include-marker/d' Makefile         | make -f - am--depfiles
make: Nothing to be done for 'am--depfiles'.
config.status:1508: $? = 0
config.status:1426: executing libtool commands

## ---------------- ##
## Cache variables. ##
## ---------------- ##

ac_cv_build=x86_64-pc-linux-gnu
ac_cv_c_compiler_gnu=yes
ac_cv_cxx_compiler_gnu=yes
ac_cv_env_CCC_set=
ac_cv_env_CCC_value=
ac_cv_env_CC_set=
ac_cv_env_CC_value=
ac_cv_env_CFLAGS_set=set
ac_cv_env_CFLAGS_value='-I/home/guy/liburing/src/include -g -lredis++ -L/home/guy/redis-plus-plus/build -Wl,-rpath=/home/guy/redis-plus-plus/build -lhiredis -L/usr/local/lib -Wl,-rpath=/usr/local/lib -O0  -Wall'
ac_cv_env_CPPFLAGS_set=
ac_cv_env_CPPFLAGS_value=
ac_cv_env_CPP_set=
ac_cv_env_CPP_value=
ac_cv_env_CXXCPP_set=
ac_cv_env_CXXCPP_value=
ac_cv_env_CXXFLAGS_set=set
ac_cv_env_CXXFLAGS_value='-I/home/guy/liburing/src/include -g -lredis++ -L/home/guy/redis-plus-plus/build -Wl,-rpath=/home/guy/redis-plus-plus/build -lhiredis -L/usr/local/lib -Wl,-rpath=/usr/local/lib -O0  -Wall'
ac_cv_env_CXX_set=
ac_cv_env_CXX_value=
ac_cv_env_GnuTLS_CFLAGS_set=
ac_cv_env_GnuTLS_CFLAGS_value=
ac_cv_env_GnuTLS_LIBS_set=
ac_cv_env_GnuTLS_LIBS_value=
ac_cv_env_LDFLAGS_set=set
ac_cv_env_LDFLAGS_value=-L/home/guy/liburing/src
ac_cv_env_LIBS_set=
ac_cv_env_LIBS_value=
ac_cv_env_LIBURING_CFLAGS_set=
ac_cv_env_LIBURING_CFLAGS_value=
ac_cv_env_LIBURING_LIBS_set=
ac_cv_env_LIBURING_LIBS_value=
ac_cv_env_LT_SYS_LIBRARY_PATH_set=
ac_cv_env_LT_SYS_LIBRARY_PATH_value=
ac_cv_env_PKG_CONFIG_LIBDIR_set=
ac_cv_env_PKG_CONFIG_LIBDIR_value=
ac_cv_env_PKG_CONFIG_PATH_set=set
ac_cv_env_PKG_CONFIG_PATH_value=/home/guy/liburing
ac_cv_env_PKG_CONFIG_set=
ac_cv_env_PKG_CONFIG_value=
ac_cv_env_build_alias_set=
ac_cv_env_build_alias_value=
ac_cv_env_host_alias_set=
ac_cv_env_host_alias_value=
ac_cv_env_target_alias_set=
ac_cv_env_target_alias_value=
ac_cv_header_dlfcn_h=yes
ac_cv_header_inttypes_h=yes
ac_cv_header_minix_config_h=no
ac_cv_header_stdint_h=yes
ac_cv_header_stdio_h=yes
ac_cv_header_stdlib_h=yes
ac_cv_header_string_h=yes
ac_cv_header_strings_h=yes
ac_cv_header_sys_stat_h=yes
ac_cv_header_sys_types_h=yes
ac_cv_header_unistd_h=yes
ac_cv_header_wchar_h=yes
ac_cv_host=x86_64-pc-linux-gnu
ac_cv_objext=o
ac_cv_path_EGREP='/usr/bin/grep -E'
ac_cv_path_FGREP='/usr/bin/grep -F'
ac_cv_path_GREP=/usr/bin/grep
ac_cv_path_SED=/usr/bin/sed
ac_cv_path_ac_pt_PKG_CONFIG=/usr/bin/pkg-config
ac_cv_path_install='/usr/bin/install -c'
ac_cv_path_lt_DD=/usr/bin/dd
ac_cv_path_mkdir=/usr/bin/mkdir
ac_cv_prog_AWK=gawk
ac_cv_prog_CPP='gcc -E'
ac_cv_prog_CXXCPP='g++ -E'
ac_cv_prog_DOXYGEN=doxygen
ac_cv_prog_ac_ct_AR=ar
ac_cv_prog_ac_ct_CC=gcc
ac_cv_prog_ac_ct_CXX=g++
ac_cv_prog_ac_ct_FILECMD=file
ac_cv_prog_ac_ct_OBJDUMP=objdump
ac_cv_prog_ac_ct_RANLIB=ranlib
ac_cv_prog_ac_ct_STRIP=strip
ac_cv_prog_cc_c11=
ac_cv_prog_cc_g=yes
ac_cv_prog_cc_stdc=
ac_cv_prog_cxx_cxx11=
ac_cv_prog_cxx_g=yes
ac_cv_prog_cxx_stdcxx=
ac_cv_prog_make_make_set=yes
ac_cv_safe_to_define___extensions__=yes
ac_cv_should_define__xopen_source=no
ac_cv_sys_file_offset_bits=no
ac_cv_sys_largefile_CC=no
am_cv_CC_dependencies_compiler_type=gcc3
am_cv_CXX_dependencies_compiler_type=gcc3
am_cv_make_support_nested_variables=yes
am_cv_prog_cc_c_o=yes
ax_cv_PTHREAD_CLANG=no
ax_cv_PTHREAD_JOINABLE_ATTR=PTHREAD_CREATE_JOINABLE
ax_cv_PTHREAD_PRIO_INHERIT=yes
ax_cv_PTHREAD_SPECIAL_FLAGS=no
lt_cv_ar_at_file=@
lt_cv_archive_cmds_need_lc=no
lt_cv_deplibs_check_method=pass_all
lt_cv_file_magic_cmd='$MAGIC_CMD'
lt_cv_file_magic_test_file=
lt_cv_ld_reload_flag=-r
lt_cv_nm_interface='BSD nm'
lt_cv_objdir=.libs
lt_cv_path_LD=/usr/bin/ld
lt_cv_path_LDCXX='/usr/bin/ld -m elf_x86_64'
lt_cv_path_NM='/usr/bin/nm -B'
lt_cv_path_mainfest_tool=no
lt_cv_prog_compiler_c_o=yes
lt_cv_prog_compiler_c_o_CXX=yes
lt_cv_prog_compiler_pic='-fPIC -DPIC'
lt_cv_prog_compiler_pic_CXX='-fPIC -DPIC'
lt_cv_prog_compiler_pic_works=yes
lt_cv_prog_compiler_pic_works_CXX=yes
lt_cv_prog_compiler_rtti_exceptions=no
lt_cv_prog_compiler_static_works=no
lt_cv_prog_compiler_static_works_CXX=no
lt_cv_prog_gnu_ld=yes
lt_cv_prog_gnu_ldcxx=yes
lt_cv_sharedlib_from_linklib_cmd='printf %s\n'
lt_cv_shlibpath_overrides_runpath=yes
lt_cv_sys_global_symbol_pipe='/usr/bin/sed -n -e '\''s/^.*[	 ]\([ABCDGIRSTW][ABCDGIRSTW]*\)[	 ][	 ]*\([_A-Za-z][_A-Za-z0-9]*\)$/\1 \2 \2/p'\'' | /usr/bin/sed '\''/ __gnu_lto/d'\'''
lt_cv_sys_global_symbol_to_c_name_address='/usr/bin/sed -n -e '\''s/^: \(.*\) .*$/  {"\1", (void *) 0},/p'\'' -e '\''s/^[ABCDGIRSTW][ABCDGIRSTW]* .* \(.*\)$/  {"\1", (void *) \&\1},/p'\'''
lt_cv_sys_global_symbol_to_c_name_address_lib_prefix='/usr/bin/sed -n -e '\''s/^: \(.*\) .*$/  {"\1", (void *) 0},/p'\'' -e '\''s/^[ABCDGIRSTW][ABCDGIRSTW]* .* \(lib.*\)$/  {"\1", (void *) \&\1},/p'\'' -e '\''s/^[ABCDGIRSTW][ABCDGIRSTW]* .* \(.*\)$/  {"lib\1", (void *) \&\1},/p'\'''
lt_cv_sys_global_symbol_to_cdecl='/usr/bin/sed -n -e '\''s/^T .* \(.*\)$/extern int \1();/p'\'' -e '\''s/^[ABCDGIRSTW][ABCDGIRSTW]* .* \(.*\)$/extern char \1;/p'\'''
lt_cv_sys_global_symbol_to_import=
lt_cv_sys_max_cmd_len=1572864
lt_cv_to_host_file_cmd=func_convert_file_noop
lt_cv_to_tool_file_cmd=func_convert_file_noop
lt_cv_truncate_bin='/usr/bin/dd bs=4096 count=1'
pkg_cv_LIBURING_CFLAGS=
pkg_cv_LIBURING_LIBS='-L/usr/lib -luring '

## ----------------- ##
## Output variables. ##
## ----------------- ##

ACLOCAL='${SHELL} '\''/home/guy/EDM/ublk_swap/missing'\'' aclocal-1.16'
AMDEPBACKSLASH='\'
AMDEP_FALSE='#'
AMDEP_TRUE=''
AMTAR='$${TAR-tar}'
AM_BACKSLASH='\'
AM_DEFAULT_V='$(AM_DEFAULT_VERBOSITY)'
AM_DEFAULT_VERBOSITY='0'
AM_V='$(V)'
AR='ar'
AUTOCONF='${SHELL} '\''/home/guy/EDM/ublk_swap/missing'\'' autoconf'
AUTOHEADER='${SHELL} '\''/home/guy/EDM/ublk_swap/missing'\'' autoheader'
AUTOMAKE='${SHELL} '\''/home/guy/EDM/ublk_swap/missing'\'' automake-1.16'
AWK='gawk'
CC='gcc'
CCDEPMODE='depmode=gcc3'
CFLAGS='-I/home/guy/liburing/src/include -g -lredis++ -L/home/guy/redis-plus-plus/build -Wl,-rpath=/home/guy/redis-plus-plus/build -lhiredis -L/usr/local/lib -Wl,-rpath=/usr/local/lib -O0  -Wall'
CPP='gcc -E'
CPPFLAGS=''
CSCOPE='cscope'
CTAGS='ctags'
CXX='g++'
CXXCPP='g++ -E'
CXXDEPMODE='depmode=gcc3'
CXXFLAGS='-I/home/guy/liburing/src/include -g -lredis++ -L/home/guy/redis-plus-plus/build -Wl,-rpath=/home/guy/redis-plus-plus/build -lhiredis -L/usr/local/lib -Wl,-rpath=/usr/local/lib -O0  -Wall'
CYGPATH_W='echo'
DEFS='-DHAVE_CONFIG_H'
DEPDIR='.deps'
DLLTOOL='false'
DOXYGEN='doxygen'
DSYMUTIL=''
DUMPBIN=''
ECHO_C=''
ECHO_N='-n'
ECHO_T=''
EGREP='/usr/bin/grep -E'
ETAGS='etags'
EXEEXT=''
FGREP='/usr/bin/grep -F'
FILECMD='file'
GNUTLS_FALSE=''
GNUTLS_TRUE='#'
GREP='/usr/bin/grep'
GnuTLS_CFLAGS=''
GnuTLS_LIBS=''
HAVE_DOXYGEN_FALSE='#'
HAVE_DOXYGEN_TRUE=''
HAVE_LIBURING_SEND_ZC_FALSE='#'
HAVE_LIBURING_SEND_ZC_TRUE=''
INSTALL_DATA='${INSTALL} -m 644'
INSTALL_PROGRAM='${INSTALL}'
INSTALL_SCRIPT='${INSTALL}'
INSTALL_STRIP_PROGRAM='$(install_sh) -c -s'
LD='/usr/bin/ld -m elf_x86_64'
LDFLAGS='-L/home/guy/liburing/src'
LIBOBJS=''
LIBS=''
LIBTOOL='$(SHELL) $(top_builddir)/libtool'
LIBURING_CFLAGS=''
LIBURING_LIBS='-L/usr/lib -luring '
LIPO=''
LN_S='ln -s'
LTLIBOBJS=''
LT_SYS_LIBRARY_PATH=''
MAKEINFO='${SHELL} '\''/home/guy/EDM/ublk_swap/missing'\'' makeinfo'
MANIFEST_TOOL=':'
MKDIR_P='/usr/bin/mkdir -p'
NM='/usr/bin/nm -B'
NMEDIT=''
OBJDUMP='objdump'
OBJEXT='o'
OTOOL64=''
OTOOL=''
PACKAGE='ublksrv'
PACKAGE_BUGREPORT='https://github.com/ming1/ubdsrv'
PACKAGE_NAME='ublksrv'
PACKAGE_STRING='ublksrv 0.unknown'
PACKAGE_TARNAME='ublksrv'
PACKAGE_URL='https://github.com/ming1/ubdsrv'
PACKAGE_VERSION='0.unknown'
PATH_SEPARATOR=':'
PKG_CONFIG='/usr/bin/pkg-config'
PKG_CONFIG_LIBDIR=''
PKG_CONFIG_PATH='/home/guy/liburing'
PTHREAD_CC='gcc'
PTHREAD_CFLAGS='-pthread'
PTHREAD_CXX=''
PTHREAD_LIBS='-lpthread'
RANLIB='ranlib'
SED='/usr/bin/sed'
SET_MAKE=''
SHELL='/bin/sh'
STRIP='strip'
VERSION='0.unknown'
WARNINGS_CFLAGS='-Wall -Werror -Wuninitialized -Wmaybe-uninitialized -Wno-sign-compare -Wno-parentheses -Wvla -Wframe-larger-than=5000 -Wstack-usage=10000'
ac_ct_AR='ar'
ac_ct_CC='gcc'
ac_ct_CXX='g++'
ac_ct_DUMPBIN=''
am__EXEEXT_FALSE=''
am__EXEEXT_TRUE='#'
am__fastdepCC_FALSE='#'
am__fastdepCC_TRUE=''
am__fastdepCXX_FALSE='#'
am__fastdepCXX_TRUE=''
am__include='include'
am__isrc=''
am__leading_dot='.'
am__nodep='_no'
am__quote=''
am__tar='$${TAR-tar} chof - "$$tardir"'
am__untar='$${TAR-tar} xf -'
ax_pthread_config=''
bindir='${exec_prefix}/bin'
build='x86_64-pc-linux-gnu'
build_alias=''
build_cpu='x86_64'
build_os='linux-gnu'
build_vendor='pc'
datadir='${datarootdir}'
datarootdir='${prefix}/share'
docdir='${datarootdir}/doc/${PACKAGE_TARNAME}'
dvidir='${docdir}'
exec_prefix='${prefix}'
host='x86_64-pc-linux-gnu'
host_alias=''
host_cpu='x86_64'
host_os='linux-gnu'
host_vendor='pc'
htmldir='${docdir}'
includedir='${prefix}/include'
infodir='${datarootdir}/info'
install_sh='${SHELL} /home/guy/EDM/ublk_swap/install-sh'
libdir='${exec_prefix}/lib'
libexecdir='${exec_prefix}/libexec'
localedir='${datarootdir}/locale'
localstatedir='${prefix}/var'
mandir='${datarootdir}/man'
mkdir_p='$(MKDIR_P)'
oldincludedir='/usr/include'
pdfdir='${docdir}'
prefix='/usr/local'
program_transform_name='s,x,x,'
psdir='${docdir}'
runstatedir='${localstatedir}/run'
sbindir='${exec_prefix}/sbin'
sharedstatedir='${prefix}/com'
sysconfdir='${prefix}/etc'
target_alias=''

## ----------- ##
## confdefs.h. ##
## ----------- ##

/* confdefs.h */
#define PACKAGE_NAME "ublksrv"
#define PACKAGE_TARNAME "ublksrv"
#define PACKAGE_VERSION "0.unknown"
#define PACKAGE_STRING "ublksrv 0.unknown"
#define PACKAGE_BUGREPORT "https://github.com/ming1/ubdsrv"
#define PACKAGE_URL "https://github.com/ming1/ubdsrv"
#define HAVE_STDIO_H 1
#define HAVE_STDLIB_H 1
#define HAVE_STRING_H 1
#define HAVE_INTTYPES_H 1
#define HAVE_STDINT_H 1
#define HAVE_STRINGS_H 1
#define HAVE_SYS_STAT_H 1
#define HAVE_SYS_TYPES_H 1
#define HAVE_UNISTD_H 1
#define HAVE_WCHAR_H 1
#define STDC_HEADERS 1
#define _ALL_SOURCE 1
#define _DARWIN_C_SOURCE 1
#define _GNU_SOURCE 1
#define _HPUX_ALT_XOPEN_SOCKET_API 1
#define _NETBSD_SOURCE 1
#define _OPENBSD_SOURCE 1
#define _POSIX_PTHREAD_SEMANTICS 1
#define __STDC_WANT_IEC_60559_ATTRIBS_EXT__ 1
#define __STDC_WANT_IEC_60559_BFP_EXT__ 1
#define __STDC_WANT_IEC_60559_DFP_EXT__ 1
#define __STDC_WANT_IEC_60559_FUNCS_EXT__ 1
#define __STDC_WANT_IEC_60559_TYPES_EXT__ 1
#define __STDC_WANT_LIB_EXT2__ 1
#define __STDC_WANT_MATH_SPEC_FUNCS__ 1
#define _TANDEM_SOURCE 1
#define __EXTENSIONS__ 1
#define PACKAGE "ublksrv"
#define VERSION "0.unknown"
#define HAVE_DLFCN_H 1
#define LT_OBJDIR ".libs/"
#define PROTOTYPES 1
#define __PROTOTYPES 1
#define HAVE_PTHREAD_PRIO_INHERIT 1
#define HAVE_PTHREAD 1
#define HAVE_LIBURING_SEND_ZC 1
#define HAVE_GNUTLS 0
#define NBD_LFS 1

configure: exit 0
